<?xml version="1.0" encoding="utf-8"?><testsuites name="pytest tests"><testsuite name="pytest" errors="0" failures="0" skipped="0" tests="21" time="2.724" timestamp="2026-04-13T16:16:25.847958+00:00" hostname="agent-env-0b5b87f1-19ea-4317-bc15-a49160635c69"><testcase classname="tests.test_api.TestHealthCheck" name="test_health_endpoint" time="0.149" /><testcase classname="tests.test_api.TestTopicsEndpoint" name="test_get_all_topics_success" time="0.127" /><testcase classname="tests.test_api.TestTopicsEndpoint" name="test_topics_structure" time="0.101" /><testcase classname="tests.test_api.TestTopicsEndpoint" name="test_topics_order" time="0.115" /><testcase classname="tests.test_api.TestTopicsEndpoint" name="test_topics_card_counts" time="0.174" /><testcase classname="tests.test_api.TestTopicByKey" name="test_get_protein_topic" time="0.111" /><testcase classname="tests.test_api.TestTopicByKey" name="test_get_carbs_topic" time="0.129" /><testcase classname="tests.test_api.TestTopicByKey" name="test_get_fats_topic" time="0.106" /><testcase classname="tests.test_api.TestTopicByKey" name="test_topic_not_found" time="0.120" /><testcase classname="tests.test_api.TestTopicByKey" name="test_topic_cards_structure" time="0.116" /><testcase classname="tests.test_api.TestCardById" name="test_get_card_by_id" time="0.111" /><testcase classname="tests.test_api.TestCardById" name="test_get_card_not_found" time="0.117" /><testcase classname="tests.test_api.TestShareCard" name="test_share_protein_card" time="0.120" /><testcase classname="tests.test_api.TestShareCard" name="test_share_carbs_card" time="0.130" /><testcase classname="tests.test_api.TestShareCard" name="test_share_fats_card" time="0.202" /><testcase classname="tests.test_api.TestShareCard" name="test_share_card_not_found" time="0.128" /><testcase classname="tests.test_api.TestCardTypes" name="test_protein_amino_acids_card" time="0.135" /><testcase classname="tests.test_api.TestCardTypes" name="test_protein_plan_card" time="0.105" /><testcase classname="tests.test_api.TestCardTypes" name="test_carbs_gi_chart_card" time="0.130" /><testcase classname="tests.test_api.TestCardTypes" name="test_fats_timeline_card" time="0.113" /><testcase classname="tests.test_api.TestCardTypes" name="test_fats_myths_card" time="0.119" /></testsuite></testsuites>